[debug] [2020-08-01T17:46:37.376Z] ----------------------------------------------------------------------
[debug] [2020-08-01T17:46:37.381Z] Command:       C:\Program Files\nodejs\node.exe C:\Users\Hossam EL-Kashef\AppData\Roaming\npm\node_modules\firebase-tools\lib\bin\firebase.js deploy
[debug] [2020-08-01T17:46:37.381Z] CLI Version:   8.5.0
[debug] [2020-08-01T17:46:37.381Z] Platform:      win32
[debug] [2020-08-01T17:46:37.381Z] Node Version:  v12.16.1
[debug] [2020-08-01T17:46:37.385Z] Time:          Sat Aug 01 2020 19:46:37 GMT+0200 (Eastern European Standard Time)
[debug] [2020-08-01T17:46:37.386Z] ----------------------------------------------------------------------
[debug] [2020-08-01T17:46:37.386Z] 
[debug] [2020-08-01T17:46:37.404Z] > command requires scopes: ["email","openid","https://www.googleapis.com/auth/cloudplatformprojects.readonly","https://www.googleapis.com/auth/firebase","https://www.googleapis.com/auth/cloud-platform"]
[debug] [2020-08-01T17:46:37.405Z] > authorizing via signed-in user
[debug] [2020-08-01T17:46:37.406Z] [iam] checking project smartacademy-3a7f2 for permissions ["firebase.projects.get","firebasehosting.sites.update"]
[debug] [2020-08-01T17:46:37.412Z] > refreshing access token with scopes: ["email","https://www.googleapis.com/auth/cloud-platform","https://www.googleapis.com/auth/cloudplatformprojects.readonly","https://www.googleapis.com/auth/firebase","openid"]
[debug] [2020-08-01T17:46:37.412Z] >>> HTTP REQUEST POST https://www.googleapis.com/oauth2/v3/token  
 <request body omitted>
[debug] [2020-08-01T17:46:37.845Z] <<< HTTP RESPONSE 200 {"content-type":"application/json; charset=utf-8","vary":"X-Origin, Referer, Origin,Accept-Encoding","date":"Sat, 01 Aug 2020 17:46:38 GMT","server":"scaffolding on HTTPServer2","cache-control":"private","x-xss-protection":"0","x-frame-options":"SAMEORIGIN","x-content-type-options":"nosniff","alt-svc":"h3-29=\":443\"; ma=2592000,h3-27=\":443\"; ma=2592000,h3-T050=\":443\"; ma=2592000,h3-Q050=\":443\"; ma=2592000,h3-Q046=\":443\"; ma=2592000,h3-Q043=\":443\"; ma=2592000,quic=\":443\"; ma=2592000; v=\"46,43\"","accept-ranges":"none","transfer-encoding":"chunked"}
[debug] [2020-08-01T17:46:37.859Z] >>> HTTP REQUEST POST https://cloudresourcemanager.googleapis.com/v1/projects/smartacademy-3a7f2:testIamPermissions  
 {"permissions":["firebase.projects.get","firebasehosting.sites.update"]}
[debug] [2020-08-01T17:46:39.071Z] <<< HTTP RESPONSE 200 {"content-type":"application/json; charset=UTF-8","vary":"X-Origin, Referer, Origin,Accept-Encoding","date":"Sat, 01 Aug 2020 17:46:39 GMT","server":"ESF","cache-control":"private","x-xss-protection":"0","x-frame-options":"SAMEORIGIN","x-content-type-options":"nosniff","server-timing":"gfet4t7; dur=673","alt-svc":"h3-29=\":443\"; ma=2592000,h3-27=\":443\"; ma=2592000,h3-T050=\":443\"; ma=2592000,h3-Q050=\":443\"; ma=2592000,h3-Q046=\":443\"; ma=2592000,h3-Q043=\":443\"; ma=2592000,quic=\":443\"; ma=2592000; v=\"46,43\"","accept-ranges":"none","transfer-encoding":"chunked"}
[debug] [2020-08-01T17:46:39.073Z] >>> HTTP REQUEST GET https://firebase.googleapis.com/v1beta1/projects/smartacademy-3a7f2  
 
[debug] [2020-08-01T17:46:39.740Z] <<< HTTP RESPONSE 200 {"content-type":"application/json; charset=UTF-8","vary":"X-Origin, Referer, Origin,Accept-Encoding","date":"Sat, 01 Aug 2020 17:46:40 GMT","server":"ESF","cache-control":"private","x-xss-protection":"0","x-frame-options":"SAMEORIGIN","x-content-type-options":"nosniff","alt-svc":"h3-29=\":443\"; ma=2592000,h3-27=\":443\"; ma=2592000,h3-T050=\":443\"; ma=2592000,h3-Q050=\":443\"; ma=2592000,h3-Q046=\":443\"; ma=2592000,h3-Q043=\":443\"; ma=2592000,quic=\":443\"; ma=2592000; v=\"46,43\"","accept-ranges":"none","transfer-encoding":"chunked"}
[info] 
[info] === Deploying to 'smartacademy-3a7f2'...
[info] 
[info] i  deploying hosting 
[debug] [2020-08-01T17:46:39.748Z] >>> HTTP REQUEST POST https://firebasehosting.googleapis.com/v1beta1/sites/smartacademy-3a7f2/versions  
 {"config":{"rewrites":[{"glob":"**","path":"index.html"}]},"labels":{"deployment-tool":"cli-firebase"}}
[debug] [2020-08-01T17:46:41.639Z] <<< HTTP RESPONSE 200 {"content-type":"application/json; charset=UTF-8","vary":"X-Origin, Referer, Origin,Accept-Encoding","date":"Sat, 01 Aug 2020 17:46:42 GMT","server":"ESF","cache-control":"private","x-xss-protection":"0","x-frame-options":"SAMEORIGIN","x-content-type-options":"nosniff","alt-svc":"h3-29=\":443\"; ma=2592000,h3-27=\":443\"; ma=2592000,h3-T050=\":443\"; ma=2592000,h3-Q050=\":443\"; ma=2592000,h3-Q046=\":443\"; ma=2592000,h3-Q043=\":443\"; ma=2592000,quic=\":443\"; ma=2592000; v=\"46,43\"","accept-ranges":"none","transfer-encoding":"chunked"}
[info] i  hosting[smartacademy-3a7f2]: beginning deploy... 
[info] i  hosting[smartacademy-3a7f2]: found 793 files in dist/SmartAcademy 
[debug] [2020-08-01T17:46:42.588Z] [hosting] hash cache [ZGlzdFxTbWFydEFjYWRlbXk] stored for 793 files
[debug] [2020-08-01T17:46:42.588Z] [hosting][hash queue][FINAL] {"max":394,"min":0,"avg":12.048126901614681,"active":0,"complete":793,"success":793,"errored":0,"retried":0,"total":793,"elapsed":411}
[debug] [2020-08-01T17:46:42.589Z] >>> HTTP REQUEST POST https://firebasehosting.googleapis.com/v1beta1/sites/smartacademy-3a7f2/versions/858404b7521bb0ce:populateFiles  
 <request body omitted>
